  GenomeMatcher.cpp
d:\ucla\cs\cs32\project_4\project_4\genomematcher.cpp(58): warning C4018: '<': signed/unsigned mismatch
d:\ucla\cs\cs32\project_4\project_4\genomematcher.cpp(69): warning C4018: '>': signed/unsigned mismatch
d:\ucla\cs\cs32\project_4\project_4\genomematcher.cpp(83): warning C4018: '<=': signed/unsigned mismatch
d:\ucla\cs\cs32\project_4\project_4\genomematcher.cpp(91): warning C4018: '<': signed/unsigned mismatch
d:\ucla\cs\cs32\project_4\project_4\genomematcher.cpp(129): warning C4018: '<': signed/unsigned mismatch
d:\ucla\cs\cs32\project_4\project_4\genomematcher.cpp(134): warning C4018: '<': signed/unsigned mismatch
d:\ucla\cs\cs32\project_4\project_4\genomematcher.cpp(139): warning C4018: '<': signed/unsigned mismatch
d:\ucla\cs\cs32\project_4\project_4\genomematcher.cpp(159): warning C4018: '<': signed/unsigned mismatch
d:\ucla\cs\cs32\project_4\project_4\genomematcher.cpp(169): warning C4018: '<': signed/unsigned mismatch
d:\ucla\cs\cs32\project_4\project_4\trie.h(160): warning C4018: '<': signed/unsigned mismatch
  d:\ucla\cs\cs32\project_4\project_4\trie.h(140): note: while compiling class template member function 'void Trie<DNAMatch>::findSNiPHelper(const std::string &,const int &,Trie<DNAMatch>::Node *,std::vector<DNAMatch,std::allocator<_Ty>> &,bool) const'
          with
          [
              _Ty=DNAMatch
          ]
  d:\ucla\cs\cs32\project_4\project_4\trie.h(82): note: see reference to function template instantiation 'void Trie<DNAMatch>::findSNiPHelper(const std::string &,const int &,Trie<DNAMatch>::Node *,std::vector<DNAMatch,std::allocator<_Ty>> &,bool) const' being compiled
          with
          [
              _Ty=DNAMatch
          ]
  d:\ucla\cs\cs32\project_4\project_4\trie.h(41): note: while compiling class template member function 'Trie<DNAMatch>::Trie(void)'
  d:\ucla\cs\cs32\project_4\project_4\genomematcher.cpp(29): note: see reference to function template instantiation 'Trie<DNAMatch>::Trie(void)' being compiled
  d:\ucla\cs\cs32\project_4\project_4\genomematcher.cpp(22): note: see reference to class template instantiation 'Trie<DNAMatch>' being compiled
d:\ucla\cs\cs32\project_4\project_4\trie.h(173): warning C4018: '<': signed/unsigned mismatch
  main.cpp
d:\ucla\cs\cs32\project_4\project_4\main.cpp(147): warning C4018: '<': signed/unsigned mismatch
d:\ucla\cs\cs32\project_4\project_4\main.cpp(156): warning C4018: '>': signed/unsigned mismatch
d:\ucla\cs\cs32\project_4\project_4\main.cpp(210): warning C4018: '<': signed/unsigned mismatch
  Generating code
  2 of 862 functions ( 0.2%) were compiled, the rest were copied from previous compilation.
    0 functions were new in current compilation
    0 functions had inline decision re-evaluated but remain unchanged
  Finished generating code
  Project_4.vcxproj -> D:\UCLA\CS\CS32\Project_4\Release\Project_4.exe
